<?xml version="1.0" encoding="UTF-8"?>
<!-- Generated by org.testng.reporters.JUnitReportReporter -->
<testsuite skipped="8" hostname="Balaji.local" name="ios.IOSAppiumTest" tests="9" failures="0" timestamp="2024-06-14T17:49:01 IST" time="48.318" errors="1">
  <testcase name="CreateAccount" time="0.000" classname="ios.IOSAppiumTest">
    <skipped/>
  </testcase> <!-- CreateAccount -->
  <system-out/>
  <testcase name="testOnLocaldevice" time="48.318" classname="ios.IOSAppiumTest">
    <error type="org.openqa.selenium.SessionNotCreatedException" message="Unable to create a new remote session. Please check the server log for more details. Original error: An unknown server-side error occurred while processing the command. Original error: Could not install &#039;/var/folders/yx/fjry93117yx9vf4x6z5q0m980000gn/T/2024514-35209-1pyy67.cmlvq/Nook.app&#039;:
  - Unexpected data: {&quot;Error&quot;:&quot;ApplicationVerificationFailed&quot;,&quot;ErrorDetail&quot;:-402620395,&quot;ErrorDescription&quot;:&quot;Failed to verify code signature of /var/installd/Library/Caches/com.apple.mobile.installd.staging/temp.yWc8bt/extracted/com.barnesandnoble.B-N-eReader.DBG.app : 0xe8008015 (A valid provisioning profile for this executable was not found.)&quot;}
  - 2024-06-14 17:49:00.468 ios-deploy[36384:1049945] [ !! ] Error 0xe8008015: A valid provisioning profile for this executable was not found. AMDeviceSecureInstallApplication(0, device, url, options, install_callback, 0)

Build info: version: &#039;3.141.59&#039;, revision: &#039;e82be7d358&#039;, time: &#039;2018-11-14T08:17:03&#039;
System info: host: &#039;Balaji.local&#039;, ip: &#039;2401:4900:1cc9:2ad5:30f2:ee3f:81dc:5c03%en0&#039;, os.name: &#039;Mac OS X&#039;, os.arch: &#039;x86_64&#039;, os.version: &#039;10.16&#039;, java.version: &#039;1.8.0_202&#039;
Driver info: driver.version: IOSDriver
remote stacktrace: UnknownError: An unknown server-side error occurred while processing the command. Original error: Could not install &#039;/var/folders/yx/fjry93117yx9vf4x6z5q0m980000gn/T/2024514-35209-1pyy67.cmlvq/Nook.app&#039;:
  - Unexpected data: {&quot;Error&quot;:&quot;ApplicationVerificationFailed&quot;,&quot;ErrorDetail&quot;:-402620395,&quot;ErrorDescription&quot;:&quot;Failed to verify code signature of /var/installd/Library/Caches/com.apple.mobile.installd.staging/temp.yWc8bt/extracted/com.barnesandnoble.B-N-eReader.DBG.app : 0xe8008015 (A valid provisioning profile for this executable was not found.)&quot;}
  - 2024-06-14 17:49:00.468 ios-deploy[36384:1049945] [ !! ] Error 0xe8008015: A valid provisioning profile for this executable was not found. AMDeviceSecureInstallApplication(0, device, url, options, install_callback, 0)

    at getResponseForW3CError (/usr/local/lib/node_modules/appium/node_modules/@appium/base-driver/lib/protocol/errors.js:1097:9)
    at asyncHandler (/usr/local/lib/node_modules/appium/node_modules/@appium/base-driver/lib/protocol/protocol.js:491:57)
Build info: version: &#039;3.141.59&#039;, revision: &#039;e82be7d358&#039;, time: &#039;2018-11-14T08:17:03&#039;
System info: host: &#039;Balaji.local&#039;, ip: &#039;2401:4900:1cc9:2ad5:30f2:ee3f:81dc:5c03%en0&#039;, os.name: &#039;Mac OS X&#039;, os.arch: &#039;x86_64&#039;, os.version: &#039;10.16&#039;, java.version: &#039;1.8.0_202&#039;
Driver info: driver.version: IOSDriver">
      <![CDATA[org.openqa.selenium.SessionNotCreatedException: Unable to create a new remote session. Please check the server log for more details. Original error: An unknown server-side error occurred while processing the command. Original error: Could not install '/var/folders/yx/fjry93117yx9vf4x6z5q0m980000gn/T/2024514-35209-1pyy67.cmlvq/Nook.app':
  - Unexpected data: {"Error":"ApplicationVerificationFailed","ErrorDetail":-402620395,"ErrorDescription":"Failed to verify code signature of /var/installd/Library/Caches/com.apple.mobile.installd.staging/temp.yWc8bt/extracted/com.barnesandnoble.B-N-eReader.DBG.app : 0xe8008015 (A valid provisioning profile for this executable was not found.)"}
  - 2024-06-14 17:49:00.468 ios-deploy[36384:1049945] [ !! ] Error 0xe8008015: A valid provisioning profile for this executable was not found. AMDeviceSecureInstallApplication(0, device, url, options, install_callback, 0)

Build info: version: '3.141.59', revision: 'e82be7d358', time: '2018-11-14T08:17:03'
System info: host: 'Balaji.local', ip: '2401:4900:1cc9:2ad5:30f2:ee3f:81dc:5c03%en0', os.name: 'Mac OS X', os.arch: 'x86_64', os.version: '10.16', java.version: '1.8.0_202'
Driver info: driver.version: IOSDriver
remote stacktrace: UnknownError: An unknown server-side error occurred while processing the command. Original error: Could not install '/var/folders/yx/fjry93117yx9vf4x6z5q0m980000gn/T/2024514-35209-1pyy67.cmlvq/Nook.app':
  - Unexpected data: {"Error":"ApplicationVerificationFailed","ErrorDetail":-402620395,"ErrorDescription":"Failed to verify code signature of /var/installd/Library/Caches/com.apple.mobile.installd.staging/temp.yWc8bt/extracted/com.barnesandnoble.B-N-eReader.DBG.app : 0xe8008015 (A valid provisioning profile for this executable was not found.)"}
  - 2024-06-14 17:49:00.468 ios-deploy[36384:1049945] [ !! ] Error 0xe8008015: A valid provisioning profile for this executable was not found. AMDeviceSecureInstallApplication(0, device, url, options, install_callback, 0)

    at getResponseForW3CError (/usr/local/lib/node_modules/appium/node_modules/@appium/base-driver/lib/protocol/errors.js:1097:9)
    at asyncHandler (/usr/local/lib/node_modules/appium/node_modules/@appium/base-driver/lib/protocol/protocol.js:491:57)
Build info: version: '3.141.59', revision: 'e82be7d358', time: '2018-11-14T08:17:03'
System info: host: 'Balaji.local', ip: '2401:4900:1cc9:2ad5:30f2:ee3f:81dc:5c03%en0', os.name: 'Mac OS X', os.arch: 'x86_64', os.version: '10.16', java.version: '1.8.0_202'
Driver info: driver.version: IOSDriver
at io.appium.java_client.remote.AppiumCommandExecutor$1.createSession(AppiumCommandExecutor.java:208)
at io.appium.java_client.remote.AppiumCommandExecutor.createSession(AppiumCommandExecutor.java:217)
at io.appium.java_client.remote.AppiumCommandExecutor.execute(AppiumCommandExecutor.java:239)
at org.openqa.selenium.remote.RemoteWebDriver.execute(RemoteWebDriver.java:552)
at io.appium.java_client.DefaultGenericMobileDriver.execute(DefaultGenericMobileDriver.java:41)
at io.appium.java_client.AppiumDriver.execute(AppiumDriver.java:1)
at io.appium.java_client.ios.IOSDriver.execute(IOSDriver.java:1)
at org.openqa.selenium.remote.RemoteWebDriver.startSession(RemoteWebDriver.java:213)
at io.appium.java_client.AppiumDriver.startSession(AppiumDriver.java:336)
at org.openqa.selenium.remote.RemoteWebDriver.<init>(RemoteWebDriver.java:131)
at io.appium.java_client.DefaultGenericMobileDriver.<init>(DefaultGenericMobileDriver.java:37)
at io.appium.java_client.AppiumDriver.<init>(AppiumDriver.java:88)
at io.appium.java_client.AppiumDriver.<init>(AppiumDriver.java:98)
at io.appium.java_client.ios.IOSDriver.<init>(IOSDriver.java:90)
at functionalLibrary.TestBase.setup(TestBase.java:59)
at ios.IOSAppiumTest.testOnLocaldevice(IOSAppiumTest.java:61)
at sun.reflect.NativeMethodAccessorImpl.invoke0(Native Method)
at sun.reflect.NativeMethodAccessorImpl.invoke(NativeMethodAccessorImpl.java:62)
at sun.reflect.DelegatingMethodAccessorImpl.invoke(DelegatingMethodAccessorImpl.java:43)
at java.lang.reflect.Method.invoke(Method.java:498)
at org.testng.internal.MethodInvocationHelper.invokeMethod(MethodInvocationHelper.java:133)
at org.testng.internal.MethodInvocationHelper.invokeMethodConsideringTimeout(MethodInvocationHelper.java:62)
at org.testng.internal.ConfigInvoker.invokeConfigurationMethod(ConfigInvoker.java:385)
at org.testng.internal.ConfigInvoker.invokeConfigurations(ConfigInvoker.java:321)
at org.testng.internal.TestMethodWorker.invokeBeforeClassMethods(TestMethodWorker.java:176)
at org.testng.internal.TestMethodWorker.run(TestMethodWorker.java:122)
at java.util.ArrayList.forEach(ArrayList.java:1257)
at org.testng.TestRunner.privateRun(TestRunner.java:794)
at org.testng.TestRunner.run(TestRunner.java:596)
at org.testng.SuiteRunner.runTest(SuiteRunner.java:377)
at org.testng.SuiteRunner.runSequentially(SuiteRunner.java:371)
at org.testng.SuiteRunner.privateRun(SuiteRunner.java:332)
at org.testng.SuiteRunner.run(SuiteRunner.java:276)
at org.testng.SuiteRunnerWorker.runSuite(SuiteRunnerWorker.java:53)
at org.testng.SuiteRunnerWorker.run(SuiteRunnerWorker.java:96)
at org.testng.TestNG.runSuitesSequentially(TestNG.java:1212)
at org.testng.TestNG.runSuitesLocally(TestNG.java:1134)
at org.testng.TestNG.runSuites(TestNG.java:1063)
at org.testng.TestNG.run(TestNG.java:1031)
at org.testng.remote.AbstractRemoteTestNG.run(AbstractRemoteTestNG.java:115)
at org.testng.remote.RemoteTestNG.initAndRun(RemoteTestNG.java:251)
at org.testng.remote.RemoteTestNG.main(RemoteTestNG.java:77)
Caused by: java.lang.reflect.InvocationTargetException
at sun.reflect.NativeMethodAccessorImpl.invoke0(Native Method)
at sun.reflect.NativeMethodAccessorImpl.invoke(NativeMethodAccessorImpl.java:62)
at sun.reflect.DelegatingMethodAccessorImpl.invoke(DelegatingMethodAccessorImpl.java:43)
at java.lang.reflect.Method.invoke(Method.java:498)
at io.appium.java_client.remote.AppiumCommandExecutor$1.createSession(AppiumCommandExecutor.java:186)
... 41 more
Caused by: org.openqa.selenium.WebDriverException: An unknown server-side error occurred while processing the command. Original error: Could not install '/var/folders/yx/fjry93117yx9vf4x6z5q0m980000gn/T/2024514-35209-1pyy67.cmlvq/Nook.app':
  - Unexpected data: {"Error":"ApplicationVerificationFailed","ErrorDetail":-402620395,"ErrorDescription":"Failed to verify code signature of /var/installd/Library/Caches/com.apple.mobile.installd.staging/temp.yWc8bt/extracted/com.barnesandnoble.B-N-eReader.DBG.app : 0xe8008015 (A valid provisioning profile for this executable was not found.)"}
  - 2024-06-14 17:49:00.468 ios-deploy[36384:1049945] [ !! ] Error 0xe8008015: A valid provisioning profile for this executable was not found. AMDeviceSecureInstallApplication(0, device, url, options, install_callback, 0)

Build info: version: '3.141.59', revision: 'e82be7d358', time: '2018-11-14T08:17:03'
System info: host: 'Balaji.local', ip: '2401:4900:1cc9:2ad5:30f2:ee3f:81dc:5c03%en0', os.name: 'Mac OS X', os.arch: 'x86_64', os.version: '10.16', java.version: '1.8.0_202'
Driver info: driver.version: IOSDriver
remote stacktrace: UnknownError: An unknown server-side error occurred while processing the command. Original error: Could not install '/var/folders/yx/fjry93117yx9vf4x6z5q0m980000gn/T/2024514-35209-1pyy67.cmlvq/Nook.app':
  - Unexpected data: {"Error":"ApplicationVerificationFailed","ErrorDetail":-402620395,"ErrorDescription":"Failed to verify code signature of /var/installd/Library/Caches/com.apple.mobile.installd.staging/temp.yWc8bt/extracted/com.barnesandnoble.B-N-eReader.DBG.app : 0xe8008015 (A valid provisioning profile for this executable was not found.)"}
  - 2024-06-14 17:49:00.468 ios-deploy[36384:1049945] [ !! ] Error 0xe8008015: A valid provisioning profile for this executable was not found. AMDeviceSecureInstallApplication(0, device, url, options, install_callback, 0)

    at getResponseForW3CError (/usr/local/lib/node_modules/appium/node_modules/@appium/base-driver/lib/protocol/errors.js:1097:9)
    at asyncHandler (/usr/local/lib/node_modules/appium/node_modules/@appium/base-driver/lib/protocol/protocol.js:491:57)
at sun.reflect.NativeConstructorAccessorImpl.newInstance0(Native Method)
at sun.reflect.NativeConstructorAccessorImpl.newInstance(NativeConstructorAccessorImpl.java:62)
at sun.reflect.DelegatingConstructorAccessorImpl.newInstance(DelegatingConstructorAccessorImpl.java:45)
at java.lang.reflect.Constructor.newInstance(Constructor.java:423)
at org.openqa.selenium.remote.W3CHandshakeResponse.lambda$errorHandler$0(W3CHandshakeResponse.java:62)
at org.openqa.selenium.remote.HandshakeResponse.lambda$getResponseFunction$0(HandshakeResponse.java:30)
at org.openqa.selenium.remote.ProtocolHandshake.lambda$createSession$0(ProtocolHandshake.java:126)
at java.util.stream.ReferencePipeline$3$1.accept(ReferencePipeline.java:193)
at java.util.Spliterators$ArraySpliterator.tryAdvance(Spliterators.java:958)
at java.util.stream.ReferencePipeline.forEachWithCancel(ReferencePipeline.java:126)
at java.util.stream.AbstractPipeline.copyIntoWithCancel(AbstractPipeline.java:498)
at java.util.stream.AbstractPipeline.copyInto(AbstractPipeline.java:485)
at java.util.stream.AbstractPipeline.wrapAndCopyInto(AbstractPipeline.java:471)
at java.util.stream.FindOps$FindOp.evaluateSequential(FindOps.java:152)
at java.util.stream.AbstractPipeline.evaluate(AbstractPipeline.java:234)
at java.util.stream.ReferencePipeline.findFirst(ReferencePipeline.java:464)
at org.openqa.selenium.remote.ProtocolHandshake.createSession(ProtocolHandshake.java:128)
... 46 more
]]>
    </error>
  </testcase> <!-- testOnLocaldevice -->
  <system-out/>
  <testcase name="SignInAccount" time="0.000" classname="ios.IOSAppiumTest">
    <skipped/>
  </testcase> <!-- SignInAccount -->
  <system-out/>
  <testcase name="Library" time="0.000" classname="ios.IOSAppiumTest">
    <skipped/>
  </testcase> <!-- Library -->
  <system-out/>
  <testcase name="Epub" time="0.000" classname="ios.IOSAppiumTest">
    <skipped/>
  </testcase> <!-- Epub -->
  <system-out/>
  <testcase name="Drp" time="0.000" classname="ios.IOSAppiumTest">
    <skipped/>
  </testcase> <!-- Drp -->
  <system-out/>
  <testcase name="Bookstore" time="0.000" classname="ios.IOSAppiumTest">
    <skipped/>
  </testcase> <!-- Bookstore -->
  <system-out/>
  <testcase name="Profile" time="0.000" classname="ios.IOSAppiumTest">
    <skipped/>
  </testcase> <!-- Profile -->
  <system-out/>
  <testcase name="AudioBooks" time="0.000" classname="ios.IOSAppiumTest">
    <skipped/>
  </testcase> <!-- AudioBooks -->
  <system-out/>
</testsuite> <!-- ios.IOSAppiumTest -->
